<?xml version="1.0" encoding="UTF-8"?>
<testsuite xmlns:xsi="http://www.w3.org/2001/XMLSchema-instance" xsi:noNamespaceSchemaLocation="https://maven.apache.org/surefire/maven-surefire-plugin/xsd/surefire-test-report.xsd" name="TqsStackTest" time="0.022" tests="7" errors="0" skipped="0" failures="0">
  <properties>
[...]
</properties>
  <testcase name="pop" classname="TqsStackTest" time="0.008"/>
  <testcase name="peek" classname="TqsStackTest" time="0.001"/>
  <testcase name="push" classname="TqsStackTest" time="0.001"/>
  <testcase name="size" classname="TqsStackTest" time="0.001"/>
  <testcase name="popEmptyStack" classname="TqsStackTest" time="0.002"/>
  <testcase name="peekEmptyStack" classname="TqsStackTest" time="0.001"/>
  <testcase name="isEmpty" classname="TqsStackTest" time="0.001"/>
</testsuite>